[     187ms] [INFO] %cDownload the React DevTools for a better development experience: https://reactjs.org/link/react-devtools font-weight:bold @ webpack-internal:///(app-pages-browser)/./node_modules/next/dist/compiled/react-dom/cjs/react-dom.development.js:38559
[     231ms] [WARNING] WebSocket connection to 'ws://localhost:3001/?role=dashboard' failed: WebSocket is closed before the connection is established. @ webpack-internal:///(app-pages-browser)/./lib/websocket.ts:38
[     238ms] [ERROR] Failed to load resource: the server responded with a status of 404 (Not Found) @ http://localhost:3000/favicon.ico:0
[     865ms] [ERROR] Failed to load resource: the server responded with a status of 404 () @ https://blfmkudoyccykkstjipz.supabase.co/rest/v1/stores?select=*&order=last_seen.desc:0
[     867ms] [ERROR] Failed to load resource: the server responded with a status of 404 () @ https://blfmkudoyccykkstjipz.supabase.co/rest/v1/messages?select=*%2Cstores%28name%29&order=created_at.desc&limit=75:0
[     925ms] [ERROR] Failed to load resource: the server responded with a status of 404 () @ https://blfmkudoyccykkstjipz.supabase.co/rest/v1/stores?select=*&order=last_seen.desc:0
[     930ms] [ERROR] Failed to load resource: the server responded with a status of 404 () @ https://blfmkudoyccykkstjipz.supabase.co/rest/v1/messages?select=*%2Cstores%28name%29&order=created_at.desc&limit=75:0
[   14700ms] [LOG] [Fast Refresh] rebuilding @ webpack-internal:///(app-pages-browser)/./node_modules/next/dist/client/components/react-dev-overlay/app/hot-reloader-client.js:186
[   14811ms] [LOG] [Fast Refresh] done in 112ms @ webpack-internal:///(app-pages-browser)/./node_modules/next/dist/client/components/react-dev-overlay/app/hot-reloader-client.js:43
[   14901ms] [LOG] [Fast Refresh] rebuilding @ webpack-internal:///(app-pages-browser)/./node_modules/next/dist/client/components/react-dev-overlay/app/hot-reloader-client.js:186
[   60974ms] [LOG] [Fast Refresh] rebuilding @ webpack-internal:///(app-pages-browser)/./node_modules/next/dist/client/components/react-dev-overlay/app/hot-reloader-client.js:186
[   61331ms] [LOG] [Fast Refresh] done in 357ms @ webpack-internal:///(app-pages-browser)/./node_modules/next/dist/client/components/react-dev-overlay/app/hot-reloader-client.js:43
[   61462ms] [ERROR] Failed to fetch RSC payload for http://localhost:3000/dashboard. Falling back to browser navigation. TypeError: Failed to fetch
    at fetchServerResponse (webpack-internal:///(app-pages-browser)/./node_modules/next/dist/client/components/router-reducer/fetch-server-response.js:59:27)
    at fastRefreshReducerImpl (webpack-internal:///(app-pages-browser)/./node_modules/next/dist/client/components/router-reducer/reducers/fast-refresh-reducer.js:33:67)
    at clientReducer (webpack-internal:///(app-pages-browser)/./node_modules/next/dist/client/components/router-reducer/router-reducer.js:41:67)
    at Object.action (webpack-internal:///(app-pages-browser)/./node_modules/next/dist/shared/lib/router/action-queue.js:150:55)
    at runAction (webpack-internal:///(app-pages-browser)/./node_modules/next/dist/shared/lib/router/action-queue.js:56:38)
    at dispatchAction (webpack-internal:///(app-pages-browser)/./node_modules/next/dist/shared/lib/router/action-queue.js:113:9)
    at Object.dispatch (webpack-internal:///(app-pages-browser)/./node_modules/next/dist/shared/lib/router/action-queue.js:145:40)
    at eval (webpack-internal:///(app-pages-browser)/./node_modules/next/dist/client/components/use-reducer-with-devtools.js:130:21)
    at eval (webpack-internal:///(app-pages-browser)/./node_modules/next/dist/client/components/app-router.js:304:25)
    at startTransition (webpack-internal:///(app-pages-browser)/./node_modules/next/dist/compiled/react/cjs/react.development.js:2597:25)
    at Object.fastRefresh (webpack-internal:///(app-pages-browser)/./node_modules/next/dist/client/components/app-router.js:303:48)
    at processMessage (webpack-internal:///(app-pages-browser)/./node_modules/next/dist/client/components/react-dev-overlay/app/hot-reloader-client.js:297:31)
    at WebSocket.handler (webpack-internal:///(app-pages-browser)/./node_modules/next/dist/client/components/react-dev-overlay/app/hot-reloader-client.js:395:17) @ webpack-internal:///(app-pages-browser)/./node_modules/next/dist/client/app-index.js:32
[   61463ms] [ERROR] Failed to load resource: the server responded with a status of 500 (Internal Server Error) @ http://localhost:3000/dashboard:0
[   61570ms] [INFO] %cDownload the React DevTools for a better development experience: https://reactjs.org/link/react-devtools font-weight:bold @ webpack-internal:///./node_modules/react-dom/cjs/react-dom.development.js:29889
[   61585ms] Error: Cannot find module './948.js'
Require stack:
- /Users/macbook/Documents/Code/Ebay/ebay-monitor/dashboard/.next/server/webpack-runtime.js
- /Users/macbook/Documents/Code/Ebay/ebay-monitor/dashboard/.next/server/app/icon.svg/route.js
- /Users/macbook/Documents/Code/Ebay/ebay-monitor/dashboard/node_modules/next/dist/server/require.js
- /Users/macbook/Documents/Code/Ebay/ebay-monitor/dashboard/node_modules/next/dist/server/load-components.js
- /Users/macbook/Documents/Code/Ebay/ebay-monitor/dashboard/node_modules/next/dist/build/utils.js
- /Users/macbook/Documents/Code/Ebay/ebay-monitor/dashboard/node_modules/next/dist/server/dev/hot-middleware.js
- /Users/macbook/Documents/Code/Ebay/ebay-monitor/dashboard/node_modules/next/dist/server/dev/hot-reloader-webpack.js
- /Users/macbook/Documents/Code/Ebay/ebay-monitor/dashboard/node_modules/next/dist/server/lib/router-utils/setup-dev-bundler.js
- /Users/macbook/Documents/Code/Ebay/ebay-monitor/dashboard/node_modules/next/dist/server/lib/router-server.js
- /Users/macbook/Documents/Code/Ebay/ebay-monitor/dashboard/node_modules/next/dist/server/lib/start-server.js
    at Module.<anonymous> (node:internal/modules/cjs/loader:1500:15)
    at <unknown> (file:///Users/macbook/Documents/Code/Ebay/ebay-monitor/dashboard/node_modules/next/dist/server/require-hook.js:55:36)
    at wrapResolveFilename (node:internal/modules/cjs/loader:1071:27)
    at defaultResolveImplForCJSLoading (node:internal/modules/cjs/loader:1095:10)
    at resolveForCJSWithHooks (node:internal/modules/cjs/loader:1116:12)
    at Module._load (node:internal/modules/cjs/loader:1285:25)
    at wrapModuleLoad (node:internal/modules/cjs/loader:255:19)
    at Module.<anonymous> (node:internal/modules/cjs/loader:1600:12)
    at mod.require (file:///Users/macbook/Documents/Code/Ebay/ebay-monitor/dashboard/node_modules/next/dist/server/require-hook.js:65:28)
    at require (node:internal/modules/helpers:153:16)
    at __webpack_require__.f.require (file:///Users/macbook/Documents/Code/Ebay/ebay-monitor/dashboard/.next/server/webpack-runtime.js:203:28)
    at <unknown> (file:///Users/macbook/Documents/Code/Ebay/ebay-monitor/dashboard/.next/server/webpack-runtime.js:116:40)
    at Array.reduce (<anonymous>)
    at __webpack_require__.e (file:///Users/macbook/Documents/Code/Ebay/ebay-monitor/dashboard/.next/server/webpack-runtime.js:115:67)
    at Array.map (<anonymous>)
    at __webpack_require__.X (file:///Users/macbook/Documents/Code/Ebay/ebay-monitor/dashboard/.next/server/webpack-runtime.js:167:22)
    at <unknown> (file:///Users/macbook/Documents/Code/Ebay/ebay-monitor/dashboard/.next/server/app/dashboard/page.js:1:18277)
    at Object.<anonymous> (file:///Users/macbook/Documents/Code/Ebay/ebay-monitor/dashboard/.next/server/app/dashboard/page.js:1:18325)
    at Module._compile (node:internal/modules/cjs/loader:1854:14)
    at Object..js (node:internal/modules/cjs/loader:1985:10)
    at Module.load (node:internal/modules/cjs/loader:1577:32)
    at Module._load (node:internal/modules/cjs/loader:1379:12)
    at wrapModuleLoad (node:internal/modules/cjs/loader:255:19)
    at Module.<anonymous> (node:internal/modules/cjs/loader:1600:12)
    at mod.require (file:///Users/macbook/Documents/Code/Ebay/ebay-monitor/dashboard/node_modules/next/dist/server/require-hook.js:65:28)
    at require (node:internal/modules/helpers:153:16)
    at requirePage (file:///Users/macbook/Documents/Code/Ebay/ebay-monitor/dashboard/node_modules/next/dist/server/require.js:109:84)
    at <unknown> (file:///Users/macbook/Documents/Code/Ebay/ebay-monitor/dashboard/node_modules/next/dist/server/load-components.js:103:84)
    at async loadComponentsImpl (file:///Users/macbook/Documents/Code/Ebay/ebay-monitor/dashboard/node_modules/next/dist/server/load-components.js:103:26)
    at async DevServer.findPageComponentsImpl (file:///Users/macbook/Documents/Code/Ebay/ebay-monitor/dashboard/node_modules/next/dist/server/next-server.js:714:36)
    at async DevServer.findPageComponents (file:///Users/macbook/Documents/Code/Ebay/ebay-monitor/dashboard/node_modules/next/dist/server/dev/next-dev-server.js:577:20)
    at async DevServer.renderPageComponent (file:///Users/macbook/Documents/Code/Ebay/ebay-monitor/dashboard/node_modules/next/dist/server/base-server.js:1910:24)
    at async DevServer.renderToResponseImpl (file:///Users/macbook/Documents/Code/Ebay/ebay-monitor/dashboard/node_modules/next/dist/server/base-server.js:1962:32)
    at async DevServer.pipeImpl (file:///Users/macbook/Documents/Code/Ebay/ebay-monitor/dashboard/node_modules/next/dist/server/base-server.js:922:25)
    at async NextNodeServer.handleCatchallRenderRequest (file:///Users/macbook/Documents/Code/Ebay/ebay-monitor/dashboard/node_modules/next/dist/server/next-server.js:272:17)
    at async DevServer.handleRequestImpl (file:///Users/macbook/Documents/Code/Ebay/ebay-monitor/dashboard/node_modules/next/dist/server/base-server.js:818:17)
    at async (file:///Users/macbook/Documents/Code/Ebay/ebay-monitor/dashboard/node_modules/next/dist/server/dev/next-dev-server.js:339:20)
    at async Span.traceAsyncFn (file:///Users/macbook/Documents/Code/Ebay/ebay-monitor/dashboard/node_modules/next/dist/trace/trace.js:154:20)
    at async DevServer.handleRequest (file:///Users/macbook/Documents/Code/Ebay/ebay-monitor/dashboard/node_modules/next/dist/server/dev/next-dev-server.js:336:24)
    at async invokeRender (file:///Users/macbook/Documents/Code/Ebay/ebay-monitor/dashboard/node_modules/next/dist/server/lib/router-server.js:179:21)
    at async handleRequest (file:///Users/macbook/Documents/Code/Ebay/ebay-monitor/dashboard/node_modules/next/dist/server/lib/router-server.js:359:24)
    at async requestHandlerImpl (file:///Users/macbook/Documents/Code/Ebay/ebay-monitor/dashboard/node_modules/next/dist/server/lib/router-server.js:383:13)
    at async Server.requestListener (file:///Users/macbook/Documents/Code/Ebay/ebay-monitor/dashboard/node_modules/next/dist/server/lib/start-server.js:141:13)
[   61585ms] [LOG] [HMR] connected @ webpack-internal:///./node_modules/next/dist/client/components/react-dev-overlay/pages/websocket.js:38
[   71276ms] [LOG] [Fast Refresh] rebuilding @ webpack-internal:///./node_modules/next/dist/client/components/react-dev-overlay/pages/hot-reloader-client.js:221
[   71464ms] [WARNING] [Fast Refresh] performing full reload because your application had an unrecoverable error @ webpack-internal:///./node_modules/next/dist/client/components/react-dev-overlay/pages/hot-reloader-client.js:349
[   71784ms] [ERROR] Failed to load resource: the server responded with a status of 404 (Not Found) @ http://localhost:3000/_next/static/css/app/layout.css?v=1781897629365:0
[   71798ms] [ERROR] Failed to load resource: the server responded with a status of 404 (Not Found) @ http://localhost:3000/_next/static/chunks/main-app.js?v=1781897629365:0
[   71799ms] [ERROR] Failed to load resource: the server responded with a status of 404 (Not Found) @ http://localhost:3000/_next/static/chunks/app-pages-internals.js:0
[   71799ms] [ERROR] Failed to load resource: the server responded with a status of 404 (Not Found) @ http://localhost:3000/_next/static/chunks/app/dashboard/page.js:0
[   71800ms] [ERROR] Failed to load resource: the server responded with a status of 404 (Not Found) @ http://localhost:3000/_next/static/chunks/app/layout.js:0
[   71823ms] [ERROR] Failed to load resource: the server responded with a status of 500 (Internal Server Error) @ http://localhost:3000/icon.svg?0fc1e716dcf7c740:0
